<?xml version="1.0" encoding="UTF-8"?>
<!-- Generated by org.testng.reporters.JUnitReportReporter -->
<testsuite hostname="EPMXGUAW1685" failures="0" tests="1" name="tests.Tests" time="26.095" errors="0" timestamp="2022-05-18T11:23:58 CDT" skipped="0">
  <testcase classname="tests.Tests" name="pruebaCuatro" time="26.095"/>
  <system-out/>
</testsuite> <!-- tests.Tests -->
